<?xml version='1.0' encoding='UTF-8' ?>
<testsuite name="com.example.lab2.BmiEspressoTest" tests="1" failures="0" errors="0" skipped="0" time="5.103" timestamp="2024-04-27T16:33:06" hostname="localhost">
  <properties>
    <property name="device" value="Pixel_3a_API_34_extension_level_7_x86_64(AVD) - 14" />
    <property name="flavor" value="" />
    <property name="project" value=":app" />
  </properties>
  <testcase name="useAppContext" classname="com.example.lab2.BmiEspressoTest" time="4.322" />
</testsuite>